{"/Users/jacob/projects/alchemy/career-track/labs/lab-10-travel-manager/lib/models/Trip.js": {"path":"/Users/jacob/projects/alchemy/career-track/labs/lab-10-travel-manager/lib/models/Trip.js","statementMap":{"0":{"start":{"line":1,"column":17},"end":{"line":1,"column":36}},"1":{"start":{"line":3,"column":15},"end":{"line":16,"column":2}},"2":{"start":{"line":18,"column":0},"end":{"line":22,"column":3}},"3":{"start":{"line":24,"column":0},"end":{"line":24,"column":48}}},"fnMap":{},"branchMap":{},"s":{"0":1,"1":1,"2":1,"3":1},"f":{},"b":{},"_coverageSchema":"43e27e138ebf9cfc5966b082cf9a028302ed4184","hash":"8ee99a9e49fe64f6b4f93339249c8115968bd42e"}
}
